This is pdfTeX, Version 3.14159265-2.6-1.40.16 (TeX Live 2015/Debian) (preloaded format=pdflatex 2017.10.28)  26 NOV 2017 01:40
entering extended mode
 restricted \write18 enabled.
 %&-line parsing enabled.
**manuscript_nar_changes.tex
(./manuscript_nar_changes.tex
LaTeX2e <2016/02/01>
Babel <3.9q> and hyphenation patterns for 38 language(s) loaded.
(./NAR.cls
Document Class: NAR 2007/03/23 v1.4b Standard LaTeX document class
(/usr/share/texlive/texmf-dist/tex/latex/base/fleqn.clo
File: fleqn.clo 2015/03/31 v1.1i Standard LaTeX option (flush left equations)
\mathindent=\dimen102
Applying: [2015/01/01] Make \[ robust on input line 50.
LaTeX Info: Redefining \[ on input line 51.
Already applied: [0000/00/00] Make \[ robust on input line 62.
Applying: [2015/01/01] Make \] robust on input line 74.
LaTeX Info: Redefining \] on input line 75.
Already applied: [0000/00/00] Make \] robust on input line 83.
)
(/usr/share/texlive/texmf-dist/tex/latex/crop/crop.sty
Package: crop 2003/05/20 v1.9 crop marks (mf)
\stockwidth=\dimen103
\stockheight=\dimen104
\CROP@index=\count79

(/usr/share/texlive/texmf-dist/tex/latex/graphics/color.sty
Package: color 2016/01/03 v1.1b Standard LaTeX Color (DPC)

(/usr/share/texlive/texmf-dist/tex/latex/latexconfig/color.cfg
File: color.cfg 2007/01/18 v1.5 color configuration of teTeX/TeXLive
)
Package color Info: Driver file: pdftex.def on input line 143.

(/usr/share/texlive/texmf-dist/tex/latex/pdftex-def/pdftex.def
File: pdftex.def 2011/05/27 v0.06d Graphics/color for pdfTeX

(/usr/share/texlive/texmf-dist/tex/generic/oberdiek/infwarerr.sty
Package: infwarerr 2010/04/08 v1.3 Providing info/warning/error messages (HO)
)
(/usr/share/texlive/texmf-dist/tex/generic/oberdiek/ltxcmds.sty
Package: ltxcmds 2011/11/09 v1.22 LaTeX kernel commands for general use (HO)
)
\Gread@gobject=\count80
))
(/usr/share/texlive/texmf-dist/tex/latex/graphics/graphics.sty
Package: graphics 2016/01/03 v1.0q Standard LaTeX Graphics (DPC,SPQR)

(/usr/share/texlive/texmf-dist/tex/latex/graphics/trig.sty
Package: trig 2016/01/03 v1.10 sin cos tan (DPC)
)
(/usr/share/texlive/texmf-dist/tex/latex/latexconfig/graphics.cfg
File: graphics.cfg 2010/04/23 v1.9 graphics configuration of TeX Live
)
Package graphics Info: Driver file: pdftex.def on input line 95.
)
\CROP@offset=\count81
Package crop Info: Local config file crop.cfg used on input line 605.

(/usr/share/texlive/texmf-dist/tex/xelatex/xetexconfig/crop.cfg))
(/usr/share/texlive/texmf-dist/tex/latex/base/inputenc.sty
Package: inputenc 2015/03/17 v1.2c Input encoding file
\inpenc@prehook=\toks14
\inpenc@posthook=\toks15
)
(/usr/share/texlive/texmf-dist/tex/latex/amsmath/amsmath.sty
Package: amsmath 2016/03/03 v2.15a AMS math features
\@mathmargin=\skip41

For additional information on amsmath, use the `?' option.
(/usr/share/texlive/texmf-dist/tex/latex/amsmath/amstext.sty
Package: amstext 2000/06/29 v2.01 AMS text

(/usr/share/texlive/texmf-dist/tex/latex/amsmath/amsgen.sty
File: amsgen.sty 1999/11/30 v2.0 generic functions
\@emptytoks=\toks16
\ex@=\dimen105
))
(/usr/share/texlive/texmf-dist/tex/latex/amsmath/amsbsy.sty
Package: amsbsy 1999/11/29 v1.2d Bold Symbols
\pmbraise@=\dimen106
)
(/usr/share/texlive/texmf-dist/tex/latex/amsmath/amsopn.sty
Package: amsopn 1999/12/14 v2.01 operator names
)
\inf@bad=\count82
LaTeX Info: Redefining \frac on input line 199.
\uproot@=\count83
\leftroot@=\count84
LaTeX Info: Redefining \overline on input line 297.
\classnum@=\count85
\DOTSCASE@=\count86
LaTeX Info: Redefining \ldots on input line 394.
LaTeX Info: Redefining \dots on input line 397.
LaTeX Info: Redefining \cdots on input line 518.
\Mathstrutbox@=\box26
\strutbox@=\box27
\big@size=\dimen107
LaTeX Font Info:    Redeclaring font encoding OML on input line 630.
LaTeX Font Info:    Redeclaring font encoding OMS on input line 631.
\macc@depth=\count87
\c@MaxMatrixCols=\count88
\dotsspace@=\muskip10
\c@parentequation=\count89
\dspbrk@lvl=\count90
\tag@help=\toks17
\row@=\count91
\column@=\count92
\maxfields@=\count93
\andhelp@=\toks18
\eqnshift@=\dimen108
\alignsep@=\dimen109
\tagshift@=\dimen110
\tagwidth@=\dimen111
\totwidth@=\dimen112
\lineht@=\dimen113
\@envbody=\toks19
\multlinegap=\skip42
\multlinetaggap=\skip43
\mathdisplay@stack=\toks20
LaTeX Info: Redefining \[ on input line 2735.
LaTeX Info: Redefining \] on input line 2736.
)
(/usr/share/texlive/texmf-dist/tex/latex/amsfonts/amssymb.sty
Package: amssymb 2013/01/14 v3.01 AMS font symbols

(/usr/share/texlive/texmf-dist/tex/latex/amsfonts/amsfonts.sty
Package: amsfonts 2013/01/14 v3.01 Basic AMSFonts support
\symAMSa=\mathgroup4
\symAMSb=\mathgroup5
LaTeX Font Info:    Overwriting math alphabet `\mathfrak' in version `bold'
(Font)                  U/euf/m/n --> U/euf/b/n on input line 106.
))
(/usr/share/texlive/texmf-dist/tex/latex/base/latexsym.sty
Package: latexsym 1998/08/17 v2.2e Standard LaTeX package (lasy symbols)
\symlasy=\mathgroup6
LaTeX Font Info:    Overwriting symbol font `lasy' in version `bold'
(Font)                  U/lasy/m/n --> U/lasy/b/n on input line 52.
)
(/usr/share/texlive/texmf-dist/tex/latex/float/float.sty
Package: float 2001/11/08 v1.3d Float enhancements (AL)
\c@float@type=\count94
\float@exts=\toks21
\float@box=\box28
\@float@everytoks=\toks22
\@floatcapt=\box29
)
(/usr/share/texlive/texmf-dist/tex/latex/graphics/epsfig.sty
Package: epsfig 1999/02/16 v1.7a (e)psfig emulation (SPQR)

(/usr/share/texlive/texmf-dist/tex/latex/graphics/graphicx.sty
Package: graphicx 2014/10/28 v1.0g Enhanced LaTeX Graphics (DPC,SPQR)

(/usr/share/texlive/texmf-dist/tex/latex/graphics/keyval.sty
Package: keyval 2014/10/28 v1.15 key=value parser (DPC)
\KV@toks@=\toks23
)
\Gin@req@height=\dimen114
\Gin@req@width=\dimen115
)
\epsfxsize=\dimen116
\epsfysize=\dimen117
)
(/usr/share/texlive/texmf-dist/tex/latex/wrapfig/wrapfig.sty
\wrapoverhang=\dimen118
\WF@size=\dimen119
\c@WF@wrappedlines=\count95
\WF@box=\box30
\WF@everypar=\toks24
Package: wrapfig 2003/01/31  v 3.6
)
(/usr/share/texlive/texmf-dist/tex/latex/sttools/stfloats.sty
Package: stfloats 2016/02/08 v2.0 Improve float mechanism and baselineskip sett
ings
\@dblbotnum=\count96
\c@dblbotnumber=\count97
)
(/usr/share/texlive/texmf-dist/tex/latex/tools/multicol.sty
Package: multicol 2015/08/19 v1.8n multicolumn formatting (FMi)
\c@tracingmulticols=\count98
\mult@box=\box31
\multicol@leftmargin=\dimen120
\c@unbalance=\count99
\c@collectmore=\count100
\doublecol@number=\count101
\multicoltolerance=\count102
\multicolpretolerance=\count103
\full@width=\dimen121
\page@free=\dimen122
\premulticols=\dimen123
\postmulticols=\dimen124
\multicolsep=\skip44
\multicolbaselineskip=\skip45
\partial@page=\box32
\last@line=\box33
\maxbalancingoverflow=\dimen125
\mult@rightbox=\box34
\mult@grightbox=\box35
\mult@gfirstbox=\box36
\mult@firstbox=\box37
\@tempa=\box38
\@tempa=\box39
\@tempa=\box40
\@tempa=\box41
\@tempa=\box42
\@tempa=\box43
\@tempa=\box44
\@tempa=\box45
\@tempa=\box46
\@tempa=\box47
\@tempa=\box48
\@tempa=\box49
\@tempa=\box50
\@tempa=\box51
\@tempa=\box52
\@tempa=\box53
\@tempa=\box54
\c@columnbadness=\count104
\c@finalcolumnbadness=\count105
\last@try=\dimen126
\multicolovershoot=\dimen127
\multicolundershoot=\dimen128
\mult@nat@firstbox=\box55
\colbreak@box=\box56
\mc@col@check@num=\count106
)
(/usr/share/texlive/texmf-dist/tex/latex/rotating/rotating.sty
Package: rotating 2009/03/28 v2.16a rotated objects in LaTeX

(/usr/share/texlive/texmf-dist/tex/latex/base/ifthen.sty
Package: ifthen 2014/09/29 v1.1c Standard LaTeX ifthen package (DPC)
)
\c@r@tfl@t=\count107
\rotFPtop=\skip46
\rotFPbot=\skip47
\rot@float@box=\box57
\rot@mess@toks=\toks25
)
(/usr/share/texlive/texmf-dist/tex/latex/multirow/multirow.sty
\bigstrutjot=\dimen129
)
(/usr/share/texlive/texmf-dist/tex/latex/tools/dcolumn.sty
Package: dcolumn 2014/10/28 v1.06 decimal alignment package (DPC)

(/usr/share/texlive/texmf-dist/tex/latex/tools/array.sty
Package: array 2014/10/28 v2.4c Tabular extension package (FMi)
\col@sep=\dimen130
\extrarowheight=\dimen131
\NC@list=\toks26
\extratabsurround=\skip48
\backup@length=\skip49
))
(/usr/share/texlive/texmf-dist/tex/latex/boxedminipage/boxedminipage.sty)
(/usr/share/texlive/texmf-dist/tex/latex/base/makeidx.sty
Package: makeidx 2014/09/29 v1.0m Standard LaTeX package
)
(/usr/share/texlive/texmf-dist/tex/latex/soul/soul.sty
Package: soul 2003/11/17 v2.4 letterspacing/underlining (mf)
\SOUL@word=\toks27
\SOUL@lasttoken=\toks28
\SOUL@cmds=\toks29
\SOUL@buffer=\toks30
\SOUL@token=\toks31
\SOUL@spaceskip=\skip50
\SOUL@ttwidth=\dimen132
\SOUL@uldp=\dimen133
\SOUL@ulht=\dimen134
)
(/usr/share/texlive/texmf-dist/tex/latex/url/url.sty
\Urlmuskip=\muskip11
Package: url 2013/09/16  ver 3.4  Verb mode for urls, etc.
)
(/usr/share/texlive/texmf-dist/tex/latex/tools/xspace.sty
Package: xspace 2014/10/28 v1.13 Space after command names (DPC,MH)
)
(/usr/share/texlive/texmf-dist/tex/latex/psnfss/times.sty
Package: times 2005/04/12 PSNFSS-v9.2a (SPQR) 
)
\jnameskip=\skip51
\titleskip=\dimen135
\ruleskip=\dimen136
\ruleht=\dimen137
\droplines=\count108
\dropsep=\dimen138
\capvskip=\skip52
\caphskip=\skip53
\capwd=\dimen139
\droplinewd=\dimen140
\c@part=\count109
\c@section=\count110
\c@subsection=\count111
\c@subsubsection=\count112
\c@paragraph=\count113
\c@subparagraph=\count114
\labelwidthi=\dimen141
\labelwidthii=\dimen142
\labelwidthiii=\dimen143
\labelwidthiv=\dimen144
\topsepi=\skip54
\topsepii=\skip55
\topsepiii=\skip56
\topsepiv=\skip57
\itemsepi=\skip58
\itemsepii=\skip59
\itemsepiii=\skip60
\itemsepiv=\skip61
\labelsepi=\dimen145
\labelsepii=\dimen146
\labelsepiii=\dimen147
\labelsepiv=\dimen148
\parsepi=\dimen149
\parsepii=\dimen150
\parsepiii=\dimen151
\parsepiv=\dimen152
\rightmargini=\dimen153
\rightmarginii=\dimen154
\rightmarginiii=\dimen155
\rightmarginiv=\dimen156
\itemindenti=\dimen157
\itemindentii=\dimen158
\itemindentiii=\dimen159
\itemindentiv=\dimen160
\labelleftmargin=\dimen161
\c@figure=\count115
\c@table=\count116
\abovecaptionskip=\skip62
\belowcaptionskip=\skip63
\figurewidth=\dimen162
\figureheight=\dimen163
\dwidth=\dimen164
\dheight=\dimen165
\ncolumns=\count117
\nrows=\count118
\tablewd=\dimen166
\tablewidth=\dimen167
\captionwd=\dimen168
\tempbox=\box58
\tableleftskip=\skip64
\tablerightskip=\skip65
\tablecapleftskip=\skip66
\tablecaprightskip=\skip67
\tablefootleftskip=\skip68
\tablefootrightskip=\skip69
\footnumskip=\dimen169
\bibindent=\dimen170
\maxbibwd=\dimen171
 (./NAR-natbib.sty
Package: NAR-natbib 2000/07/24 7.0a (PWD)
\bibhang=\skip70
\bibsep=\skip71
LaTeX Info: Redefining \cite on input line 509.
\c@NAT@ctr=\count119
)
\hours=\count120
\minutes=\count121
\grid@sidemargin=\dimen172
\grid@wd=\dimen173
\grid@ht=\dimen174
\grid@linewd=\dimen175
\grid@topofline=\dimen176
LaTeX Info: Redefining \textso on input line 1856.
\currfontsize=\dimen177

(/usr/share/texlive/texmf-dist/tex/latex/amscls/amsthm.sty
Package: amsthm 2015/03/04 v2.20.2
\thm@style=\toks32
\thm@bodyfont=\toks33
\thm@headfont=\toks34
\thm@notefont=\toks35
\thm@headpunct=\toks36
\thm@preskip=\skip72
\thm@postskip=\skip73
\thm@headsep=\skip74
\dth@everypar=\toks37
)
\@indexfile=\write3
\openout3 = `manuscript_nar_changes.idx'.


Writing index file manuscript_nar_changes.idx
) (/usr/share/texlive/texmf-dist/tex/generic/ulem/ulem.sty
\UL@box=\box59
\UL@hyphenbox=\box60
\UL@skip=\skip75
\UL@hook=\toks38
\UL@height=\dimen178
\UL@pe=\count122
\UL@pixel=\dimen179
\ULC@box=\box61
Package: ulem 2012/05/18
\ULdepth=\dimen180
)
(./manuscript_nar_changes.aux)
\openout1 = `manuscript_nar_changes.aux'.

LaTeX Font Info:    Checking defaults for OML/cmm/m/it on input line 34.
LaTeX Font Info:    ... okay on input line 34.
LaTeX Font Info:    Checking defaults for T1/cmr/m/n on input line 34.
LaTeX Font Info:    ... okay on input line 34.
LaTeX Font Info:    Checking defaults for OT1/cmr/m/n on input line 34.
LaTeX Font Info:    ... okay on input line 34.
LaTeX Font Info:    Checking defaults for OMS/cmsy/m/n on input line 34.
LaTeX Font Info:    ... okay on input line 34.
LaTeX Font Info:    Checking defaults for OMX/cmex/m/n on input line 34.
LaTeX Font Info:    ... okay on input line 34.
LaTeX Font Info:    Checking defaults for U/cmr/m/n on input line 34.
LaTeX Font Info:    ... okay on input line 34.
LaTeX Font Info:    Try loading font information for OT1+ptm on input line 34.

(/usr/share/texlive/texmf-dist/tex/latex/psnfss/ot1ptm.fd
File: ot1ptm.fd 2001/06/04 font definitions for OT1/ptm.
)
(/usr/share/texlive/texmf-dist/tex/context/base/supp-pdf.mkii
[Loading MPS to PDF converter (version 2006.09.02).]
\scratchcounter=\count123
\scratchdimen=\dimen181
\scratchbox=\box62
\nofMPsegments=\count124
\nofMParguments=\count125
\everyMPshowfont=\toks39
\MPscratchCnt=\count126
\MPscratchDim=\dimen182
\MPnumerator=\count127
\makeMPintoPDFobject=\count128
\everyMPtoPDFconversion=\toks40
) (/usr/share/texlive/texmf-dist/tex/generic/oberdiek/pdftexcmds.sty
Package: pdftexcmds 2011/11/29 v0.20 Utility functions of pdfTeX for LuaTeX (HO
)

(/usr/share/texlive/texmf-dist/tex/generic/oberdiek/ifluatex.sty
Package: ifluatex 2010/03/01 v1.3 Provides the ifluatex switch (HO)
Package ifluatex Info: LuaTeX not detected.
)
(/usr/share/texlive/texmf-dist/tex/generic/oberdiek/ifpdf.sty
Package: ifpdf 2011/01/30 v2.3 Provides the ifpdf switch (HO)
Package ifpdf Info: pdfTeX in PDF mode is detected.
)
Package pdftexcmds Info: LuaTeX not detected.
Package pdftexcmds Info: \pdf@primitive is available.
Package pdftexcmds Info: \pdf@ifprimitive is available.
Package pdftexcmds Info: \pdfdraftmode found.
)
(/usr/share/texlive/texmf-dist/tex/latex/oberdiek/epstopdf-base.sty
Package: epstopdf-base 2010/02/09 v2.5 Base part for package epstopdf

(/usr/share/texlive/texmf-dist/tex/latex/oberdiek/grfext.sty
Package: grfext 2010/08/19 v1.1 Manage graphics extensions (HO)

(/usr/share/texlive/texmf-dist/tex/generic/oberdiek/kvdefinekeys.sty
Package: kvdefinekeys 2011/04/07 v1.3 Define keys (HO)
))
(/usr/share/texlive/texmf-dist/tex/latex/oberdiek/kvoptions.sty
Package: kvoptions 2011/06/30 v3.11 Key value format for package options (HO)

(/usr/share/texlive/texmf-dist/tex/generic/oberdiek/kvsetkeys.sty
Package: kvsetkeys 2012/04/25 v1.16 Key value parser (HO)

(/usr/share/texlive/texmf-dist/tex/generic/oberdiek/etexcmds.sty
Package: etexcmds 2011/02/16 v1.5 Avoid name clashes with e-TeX commands (HO)
Package etexcmds Info: Could not find \expanded.
(etexcmds)             That can mean that you are not using pdfTeX 1.50 or
(etexcmds)             that some package has redefined \expanded.
(etexcmds)             In the latter case, load this package earlier.
)))
Package grfext Info: Graphics extension search list:
(grfext)             [.png,.pdf,.jpg,.mps,.jpeg,.jbig2,.jb2,.PNG,.PDF,.JPG,.JPE
G,.JBIG2,.JB2,.eps]
(grfext)             \AppendGraphicsExtensions on input line 452.

(/usr/share/texlive/texmf-dist/tex/latex/latexconfig/epstopdf-sys.cfg
File: epstopdf-sys.cfg 2010/07/13 v1.3 Configuration of (r)epstopdf for TeX Liv
e
))
Package crop Info: requested driver: `' on input line 34.
Package crop Info: detected driver: `pdftex' on input line 34.
Package crop Info: using `pdftex' graphics driver on input line 34.
LaTeX Font Info:    Try loading font information for OT1+phv on input line 88.

(/usr/share/texlive/texmf-dist/tex/latex/psnfss/ot1phv.fd
File: ot1phv.fd 2001/06/04 scalable font definitions for OT1/phv.
)
LaTeX Font Info:    Try loading font information for U+msa on input line 88.

(/usr/share/texlive/texmf-dist/tex/latex/amsfonts/umsa.fd
File: umsa.fd 2013/01/14 v3.01 AMS symbols A
)
LaTeX Font Info:    Try loading font information for U+msb on input line 88.

(/usr/share/texlive/texmf-dist/tex/latex/amsfonts/umsb.fd
File: umsb.fd 2013/01/14 v3.01 AMS symbols B
)
LaTeX Font Info:    Try loading font information for U+lasy on input line 88.

(/usr/share/texlive/texmf-dist/tex/latex/base/ulasy.fd
File: ulasy.fd 1998/08/17 v2.2e LaTeX symbol font definitions
)

LaTeX Font Warning: Font shape `OT1/phv/n/n' undefined
(Font)              using `OT1/phv/m/n' instead on input line 88.


Overfull \hbox (267.0pt too wide) in paragraph at lines 88--88
[][] 
 []

LaTeX Font Info:    Font shape `OT1/phv/b/it' in size <10> not available
(Font)              Font shape `OT1/phv/b/sl' tried instead on input line 105.

Underfull \hbox (badness 1735) in paragraph at lines 90--114
\OT1/phv/b/n/10 The advent of the Hi-C technology enabled an
 []


Underfull \hbox (badness 6944) in paragraph at lines 90--114
\OT1/phv/b/n/10 unprecedented progress in our understanding
 []


Underfull \hbox (badness 1275) in paragraph at lines 90--114
\OT1/phv/b/n/10 of genome structures. However, Hi-C is subject
 []


Underfull \hbox (badness 10000) in paragraph at lines 90--114
\OT1/phv/b/n/10 to systematic biases that can compromise
 []


Underfull \hbox (badness 1383) in paragraph at lines 90--114
\OT1/phv/b/n/10 experiments are performed in cancer cell lines,
 []


Underfull \hbox (badness 1701) in paragraph at lines 90--114
\OT1/phv/b/n/10 which typically harbor large-scale copy number
 []


Underfull \hbox (badness 5504) in paragraph at lines 90--114
\OT1/phv/b/n/10 artifacts on the normalized maps are mostly
 []


Underfull \hbox (badness 6526) in paragraph at lines 90--114
\OT1/phv/b/n/10 methods are not robust to the presence of
 []


Underfull \hbox (badness 4859) in paragraph at lines 90--114
\OT1/phv/b/n/10 large-scale copy number variations, potentially
 []


Underfull \hbox (badness 2653) in paragraph at lines 90--114
\OT1/phv/b/n/10 obscuring biological differences and enhancing
 []


Underfull \hbox (badness 3386) in paragraph at lines 90--114
\OT1/phv/b/n/10 an alternative approach designed to take into
 []


Underfull \hbox (badness 10000) in paragraph at lines 90--114
\OT1/phv/b/n/10 called \OT1/phv/b/sl/10 OneD\OT1/phv/b/n/10 , increases reprodu
cibility among
 []


Underfull \hbox (badness 1688) in paragraph at lines 90--114
\OT1/phv/b/n/10 normal karyotypes, \OT1/phv/b/sl/10 OneD \OT1/phv/b/n/10 fared 
equally well as
 []


Underfull \hbox (badness 1552) in paragraph at lines 118--131
\OT1/ptm/m/n/10 this organization plays a key role in guiding enhancer-
 []


Underfull \hbox (badness 2865) in paragraph at lines 118--131
\OT1/ptm/m/n/10 towards this insight was the development of the high
 []


Underfull \hbox (badness 1803) in paragraph at lines 132--142
\OT1/ptm/m/n/10 (9, 10, 11, 12), Hi-C interrogates all possible pairwise
 []


Underfull \hbox (badness 1596) in paragraph at lines 132--142
\OT1/ptm/m/n/10 interactions between restriction fragments. However, this
 []


Underfull \hbox (badness 1226) in paragraph at lines 143--154
\OT1/ptm/m/n/10 to implicitly correct unknown biases by enforcing some
 []


Underfull \hbox (badness 3989) in paragraph at lines 155--163
\OT1/ptm/m/n/10 and translocations. Actually, these aberrations have so
 []


Underfull \hbox (badness 1776) in paragraph at lines 155--163
\OT1/ptm/m/n/10 much influence on the outcome that they can be used
 []


Underfull \vbox (badness 10000) has occurred while \output is active []

LaTeX Font Info:    Font shape `OT1/ptm/bx/it' in size <10> not available
(Font)              Font shape `OT1/ptm/b/it' tried instead on input line 170.
LaTeX Font Info:    Calculating math sizes for size <7.5> on input line 170.


LaTeX Font Warning: Font shape `OT1/cmr/m/n' in size <7.5> not available
(Font)              size <7> substituted on input line 170.


LaTeX Font Warning: Font shape `OT1/cmr/m/n' in size <3.75> not available
(Font)              size <5> substituted on input line 170.


LaTeX Font Warning: Font shape `OML/cmm/m/it' in size <7.5> not available
(Font)              size <7> substituted on input line 170.


LaTeX Font Warning: Font shape `OML/cmm/m/it' in size <3.75> not available
(Font)              size <5> substituted on input line 170.


LaTeX Font Warning: Font shape `OMS/cmsy/m/n' in size <7.5> not available
(Font)              size <7> substituted on input line 170.


LaTeX Font Warning: Font shape `OMS/cmsy/m/n' in size <3.75> not available
(Font)              size <5> substituted on input line 170.


LaTeX Font Warning: Font shape `U/lasy/m/n' in size <7.5> not available
(Font)              size <7> substituted on input line 170.


LaTeX Font Warning: Font shape `U/lasy/m/n' in size <3.75> not available
(Font)              size <5> substituted on input line 170.

LaTeX Font Info:    Try loading font information for OMS+ptm on input line 170.

(/usr/share/texlive/texmf-dist/tex/latex/psnfss/omsptm.fd
File: omsptm.fd 
)
LaTeX Font Info:    Font shape `OMS/ptm/m/n' in size <7.5> not available
(Font)              Font shape `OMS/cmsy/m/n' tried instead on input line 170.


LaTeX Font Warning: Font shape `OMS/cmsy/m/n' in size <7.5> not available
(Font)              size <7> substituted on input line 170.

[1{/var/lib/texmf/fonts/map/pdftex/updmap/pdftex.map}


]
Underfull \hbox (badness 7415) in paragraph at lines 170--175
\OT1/ptm/m/n/10 chromosome-adjusted Iterative Correction Bias method
 []


Underfull \hbox (badness 6001) in paragraph at lines 170--175
\OT1/ptm/m/n/10 (\OT1/ptm/m/it/10 caICB\OT1/ptm/m/n/10 ) of (18). However, \OT1
/ptm/m/it/10 caICB \OT1/ptm/m/n/10 applies a uniform
 []


Underfull \hbox (badness 10000) in paragraph at lines 170--175
\OT1/ptm/m/n/10 chromosome-wide copy number correction, effectively
 []


Underfull \hbox (badness 1297) in paragraph at lines 170--175
\OT1/ptm/m/n/10 excluding the numerous cases of partial aneuploidy and
 []


Underfull \hbox (badness 3281) in paragraph at lines 176--185
[]\OT1/ptm/m/n/10 Here we propose \OT1/ptm/m/it/10 OneD\OT1/ptm/m/n/10 , a meth
od to correct local
 []


Underfull \hbox (badness 2772) in paragraph at lines 176--185
\OT1/ptm/m/n/10 chromosomal abnormalities in Hi-C experiments. \OT1/ptm/m/it/10
 OneD
 []


Underfull \hbox (badness 2351) in paragraph at lines 211--220
\OT1/ptm/m/n/10 using thin plate penalized regression splines (19) in a
 []


Underfull \vbox (badness 10000) has occurred while \output is active []

LaTeX Font Info:    Try loading font information for OT1+pcr on input line 241.


(/usr/share/texlive/texmf-dist/tex/latex/psnfss/ot1pcr.fd
File: ot1pcr.fd 2001/06/04 font definitions for OT1/pcr.
)
LaTeX Font Info:    Font shape `OT1/ptm/bx/n' in size <10> not available
(Font)              Font shape `OT1/ptm/b/n' tried instead on input line 260.

Underfull \hbox (badness 2401) in paragraph at lines 282--286
[]\OT1/ptm/m/n/10 The model is fitted with the Baum-Welch algorithm
 []


Underfull \hbox (badness 1325) in paragraph at lines 282--286
\OT1/ptm/m/n/10 (22) until convergence, following a previously described
 []


Underfull \hbox (badness 2261) in paragraph at lines 304--318
\OT1/ptm/m/n/10 leukemia cell lines ([]aberrant karyotype, eight []samples),
 []


Underfull \hbox (badness 2277) in paragraph at lines 304--318
\OT1/ptm/m/n/10 mouse primary B cells ([]normal karyotyp, six samples)
 []


Underfull \hbox (badness 2165) in paragraph at lines 304--318
\OT1/ptm/m/n/10 BT474 breast cancer cell line (aberrant karyotype, one
 []

[2]
Underfull \hbox (badness 10000) in paragraph at lines 616--627
\OT1/ptm/m/n/10 enzyme site. Non-informative contacts were removed
 []


Underfull \hbox (badness 3428) in paragraph at lines 616--627
\OT1/ptm/m/n/10 applying the following TADbit filters: \OT1/pcr/m/n/10 self-cir
cle\OT1/ptm/m/n/10 ,
 []


Underfull \hbox (badness 7203) in paragraph at lines 616--627
\OT1/pcr/m/n/10 dangling-ends\OT1/ptm/m/n/10 , \OT1/pcr/m/n/10 error\OT1/ptm/m/
n/10 , \OT1/pcr/m/n/10 extra-dangling-ends\OT1/ptm/m/n/10 ,
 []


Underfull \hbox (badness 2012) in paragraph at lines 616--627
\OT1/pcr/m/n/10 duplicated \OT1/ptm/m/n/10 and \OT1/pcr/m/n/10 random-breaks []
\OT1/ptm/m/n/10 (for more details
 []


Underfull \hbox (badness 1281) in paragraph at lines 616--627
\OT1/ptm/m/n/10 see BioRxiv: https://doi.org/10.1101/132456[]). In addition,
 []


Underfull \hbox (badness 4805) in paragraph at lines 659--660
\OT1/ptm/m/n/10 Simulations were based on altering four experimental
 []


Underfull \hbox (badness 3895) in paragraph at lines 659--660
\OT1/ptm/m/n/10 Hi-C samples obtained from diploid mouse cell lines
 []


Underfull \hbox (badness 1112) in paragraph at lines 659--660
\OT1/ptm/m/n/10 (b7fa2d8db[]bfac48760, fc3e8b36a[]7bf1bf374, GSM987817
 []


Underfull \hbox (badness 4569) in paragraph at lines 680--690
[]\OT1/ptm/m/n/10 We defined []five []data sets to measure experimental
 []


Underfull \hbox (badness 1365) in paragraph at lines 680--690
\OT1/ptm/m/n/10 Table 1 []for details). Given a set of experiments and a
 []


Underfull \hbox (badness 10000) in paragraph at lines 691--702
[]\OT1/ptm/m/n/10 To measure the gain or loss of similarity upon
 []


Underfull \hbox (badness 3514) in paragraph at lines 691--702
\OT1/ptm/m/n/10 normalization, we compared raw matrices to obtain a
 []


Underfull \hbox (badness 1552) in paragraph at lines 691--702
\OT1/ptm/m/n/10 receiver []operating characteristic (ROC) curves []using the
 []


Underfull \hbox (badness 1242) in paragraph at lines 707--715
\OT1/ptm/m/n/10 is approximately proportional to the local copy number.
 []

Package epstopdf Info: Source file: <figure_1.eps>
(epstopdf)                    date: 2017-11-26 00:53:58
(epstopdf)                    size: 315744 bytes
(epstopdf)             Output file: <figure_1-eps-converted-to.pdf>
(epstopdf)                    date: 2017-11-26 00:58:32
(epstopdf)                    size: 78157 bytes
(epstopdf)             Command: <repstopdf --outfile=figure_1-eps-converted-to.
pdf figure_1.eps>
(epstopdf)             \includegraphics on input line 717.
Package epstopdf Info: Output file is already uptodate.
<figure_1-eps-converted-to.pdf, id=27, 636.3775pt x 289.08pt>
File: figure_1-eps-converted-to.pdf Graphic file (type pdf)

<use figure_1-eps-converted-to.pdf>
Package pdftex.def Info: figure_1-eps-converted-to.pdf used on input line 717.
(pdftex.def)             Requested size: 251.86282pt x 114.4081pt.

Underfull \hbox (badness 3312) in paragraph at lines 727--727
[]\OT1/ptm/b/n/8 Figure 1. []\OT1/ptm/m/n/8 Modeling biases from the contact pr
ofile[]. A. Non linear
 []


Underfull \hbox (badness 5217) in paragraph at lines 732--742
[]\OT1/ptm/m/n/10 Experimental biases affect the []contact profile []in a
 []

[3]
Underfull \hbox (badness 2856) in paragraph at lines 743--753
\OT1/ptm/m/n/10 to the copy number. []In cancer cell lines, the contact
 []


Underfull \hbox (badness 1168) in paragraph at lines 770--777
\OT1/ptm/m/n/10 (16), []the [][]\OT1/ptm/m/it/10 KR[] []\OT1/ptm/m/n/10 algorit
hm (38), []\OT1/ptm/m/it/10 caICB \OT1/ptm/m/n/10 (18) and the Local
 []


Underfull \hbox (badness 1521) in paragraph at lines 851--858
\OT1/ptm/m/n/10 We first benchmarked the performance of our approach
 []


Underfull \hbox (badness 2285) in paragraph at lines 851--858
\OT1/ptm/m/n/10 biological replicates by reducing irrelevant experimental
 []

Package epstopdf Info: Source file: <figure_2.eps>
(epstopdf)                    date: 2017-11-26 00:53:58
(epstopdf)                    size: 112194 bytes
(epstopdf)             Output file: <figure_2-eps-converted-to.pdf>
(epstopdf)                    date: 2017-11-26 00:58:32
(epstopdf)                    size: 28989 bytes
(epstopdf)             Command: <repstopdf --outfile=figure_2-eps-converted-to.
pdf figure_2.eps>
(epstopdf)             \includegraphics on input line 881.
Package epstopdf Info: Output file is already uptodate.
<figure_2-eps-converted-to.pdf, id=31, 636.3775pt x 578.16pt>
File: figure_2-eps-converted-to.pdf Graphic file (type pdf)

<use figure_2-eps-converted-to.pdf>
Package pdftex.def Info: figure_2-eps-converted-to.pdf used on input line 881.
(pdftex.def)             Requested size: 251.86282pt x 228.81621pt.
 [4 <./figure_1-eps-converted-to.pdf> <./figure_2-eps-converted-to.pdf>]
Underfull \hbox (badness 7168) in paragraph at lines 921--940
[]\OT1/ptm/m/n/10 An important application of normalization methods
 []


Underfull \hbox (badness 2334) in paragraph at lines 921--940
\OT1/ptm/m/n/10 in experimental setups is to identify outliers. We thus
 []


Underfull \hbox (badness 10000) in paragraph at lines 1019--1031
[]\OT1/ptm/m/n/10 As above, we used the reproducibility score for
 []

Package epstopdf Info: Source file: <figure_3.eps>
(epstopdf)                    date: 2017-11-26 00:53:58
(epstopdf)                    size: 89554 bytes
(epstopdf)             Output file: <figure_3-eps-converted-to.pdf>
(epstopdf)                    date: 2017-11-26 00:58:32
(epstopdf)                    size: 21542 bytes
(epstopdf)             Command: <repstopdf --outfile=figure_3-eps-converted-to.
pdf figure_3.eps>
(epstopdf)             \includegraphics on input line 1048.
Package epstopdf Info: Output file is already uptodate.
<figure_3-eps-converted-to.pdf, id=56, 636.3775pt x 289.08pt>
File: figure_3-eps-converted-to.pdf Graphic file (type pdf)

<use figure_3-eps-converted-to.pdf>
Package pdftex.def Info: figure_3-eps-converted-to.pdf used on input line 1048.

(pdftex.def)             Requested size: 251.86282pt x 114.4081pt.

Underfull \hbox (badness 1466) in paragraph at lines 1067--1089
\OT1/ptm/m/n/10 to generate matrices with defined karyotypic aberrations
 []


Underfull \hbox (badness 1365) in paragraph at lines 1067--1089
\OT1/ptm/m/n/10 (see Materials and Methods) and tested the capacity of
 []


Underfull \hbox (badness 1242) in paragraph at lines 1102--1111
[]\OT1/ptm/m/n/10 To test this idea, we collected a Hi-C data set from
 []


Underfull \hbox (badness 5245) in paragraph at lines 1102--1111
\OT1/ptm/m/n/10 score between identical cell types after normalization
 []


Underfull \hbox (badness 3907) in paragraph at lines 1102--1111
\OT1/ptm/m/n/10 with the different tools. In this case, we found that
 []

Package epstopdf Info: Source file: <figure_4.eps>
(epstopdf)                    date: 2017-11-26 00:53:58
(epstopdf)                    size: 146627 bytes
(epstopdf)             Output file: <figure_4-eps-converted-to.pdf>
(epstopdf)                    date: 2017-11-26 00:58:32
(epstopdf)                    size: 40151 bytes
(epstopdf)             Command: <repstopdf --outfile=figure_4-eps-converted-to.
pdf figure_4.eps>
(epstopdf)             \includegraphics on input line 1113.
Package epstopdf Info: Output file is already uptodate.
<figure_4-eps-converted-to.pdf, id=57, 636.3775pt x 289.08pt>
File: figure_4-eps-converted-to.pdf Graphic file (type pdf)

<use figure_4-eps-converted-to.pdf>
Package pdftex.def Info: figure_4-eps-converted-to.pdf used on input line 1113.

(pdftex.def)             Requested size: 251.86282pt x 114.4081pt.

Underfull \hbox (badness 10000) in paragraph at lines 1128--1139
\OT1/ptm/m/n/10 equivalent representations of samples from aberrant
 []


Underfull \hbox (badness 2653) in paragraph at lines 1128--1139
\OT1/ptm/m/n/10 the original bias []and faded the signal almost entirely.
 []

[5 <./figure_3-eps-converted-to.pdf>]
Underfull \hbox (badness 5217) in paragraph at lines 1190--1204
[]\OT1/ptm/m/n/10 We reasoned that [][]\OT1/ptm/m/it/10 OneD[] []\OT1/ptm/m/n/1
0 should handle such cases
 []

Package epstopdf Info: Source file: <figure_5.eps>
(epstopdf)                    date: 2017-11-26 00:53:58
(epstopdf)                    size: 13241 bytes
(epstopdf)             Output file: <figure_5-eps-converted-to.pdf>
(epstopdf)                    date: 2017-11-26 00:58:33
(epstopdf)                    size: 14411 bytes
(epstopdf)             Command: <repstopdf --outfile=figure_5-eps-converted-to.
pdf figure_5.eps>
(epstopdf)             \includegraphics on input line 1206.
Package epstopdf Info: Output file is already uptodate.
<figure_5-eps-converted-to.pdf, id=72, 636.3775pt x 289.08pt>
File: figure_5-eps-converted-to.pdf Graphic file (type pdf)

<use figure_5-eps-converted-to.pdf>
Package pdftex.def Info: figure_5-eps-converted-to.pdf used on input line 1206.

(pdftex.def)             Requested size: 251.86282pt x 114.4081pt.

Underfull \hbox (badness 1253) in paragraph at lines 1237--1246
\OT1/ptm/m/n/10 the highest reproducibility score between replicates with
 []


Underfull \hbox (badness 1769) in paragraph at lines 1268--1276
\OT1/ptm/m/n/10 it always ran in less than 1 min in the conditions of
 []


Underfull \hbox (badness 1694) in paragraph at lines 1268--1276
\OT1/ptm/m/n/10 running time, but it remained under 1 min in general.
 []

[6 <./figure_4-eps-converted-to.pdf> <./figure_5-eps-converted-to.pdf>]
Package epstopdf Info: Source file: <figure_6.eps>
(epstopdf)                    date: 2017-11-26 00:53:58
(epstopdf)                    size: 47997 bytes
(epstopdf)             Output file: <figure_6-eps-converted-to.pdf>
(epstopdf)                    date: 2017-11-26 00:58:33
(epstopdf)                    size: 66397 bytes
(epstopdf)             Command: <repstopdf --outfile=figure_6-eps-converted-to.
pdf figure_6.eps>
(epstopdf)             \includegraphics on input line 1278.
Package epstopdf Info: Output file is already uptodate.

<figure_6-eps-converted-to.pdf, id=101, 794.97pt x 361.35pt>
File: figure_6-eps-converted-to.pdf Graphic file (type pdf)

<use figure_6-eps-converted-to.pdf>
Package pdftex.def Info: figure_6-eps-converted-to.pdf used on input line 1278.

(pdftex.def)             Requested size: 251.86282pt x 114.48198pt.

Underfull \hbox (badness 1558) in paragraph at lines 1288--1308
\OT1/ptm/m/n/10 Table 1) at different bin sizes while downsampling the
 []


Underfull \hbox (badness 1360) in paragraph at lines 1362--1370
\OT1/ptm/m/n/10 genome is grossly different from the reference genome,
 []


Underfull \hbox (badness 2126) in paragraph at lines 1362--1370
\OT1/ptm/m/n/10 this strategy is presently unfeasible because assembling
 []


Underfull \hbox (badness 2662) in paragraph at lines 1399--1408
\OT1/ptm/m/n/10 Research Council under the European Union's Seventh
 []


Underfull \hbox (badness 7099) in paragraph at lines 1399--1408
\OT1/ptm/m/n/10 agreement 609989 (4DGenome). The content of this
 []

[7 <./figure_6-eps-converted-to.pdf>] (./manuscript_nar_changes.bbl
LaTeX Font Info:    Font shape `OT1/ptm/bx/n' in size <8> not available
(Font)              Font shape `OT1/ptm/b/n' tried instead on input line 7.

Underfull \hbox (badness 3861) in paragraph at lines 21--25
[]\OT1/ptm/m/n/8 De Laat, W. and Duboule, D. (2013) Topology of mammalian
 []


Underfull \hbox (badness 2818) in paragraph at lines 21--25
\OT1/ptm/m/n/8 developmental enhancers and their regulatory landscapes. \OT1/pt
m/m/it/8 Nature,
 []


Underfull \hbox (badness 1158) in paragraph at lines 33--36
[]\OT1/ptm/m/n/8 Galupa, R. and Heard, E. (2015) X-chromosome inactivation: new

 []


Underfull \hbox (badness 1242) in paragraph at lines 87--90
[]\OT1/ptm/m/n/8 Hu, M., Deng, K., Selvaraj, S., Qin, Z., Ren, B., and Liu, J. 
S.
 []


Underfull \hbox (badness 1297) in paragraph at lines 115--120
\OT1/ptm/m/n/8 marginal likelihood estimation of semiparametric generalized lin
ear
 []


Underfull \vbox (badness 10000) has occurred while \output is active []

 [8]
Missing character: There is no â in font ptmr7t!
Missing character: There is no € in font ptmr7t!
Missing character: There is no ˜ in font ptmr7t!
Missing character: There is no â in font ptmr7t!
Missing character: There is no € in font ptmr7t!
Missing character: There is no ™ in font ptmr7t!
)
[9

] (./manuscript_nar_changes.aux)

LaTeX Font Warning: Size substitutions with differences
(Font)              up to 1.25pt have occurred.


LaTeX Font Warning: Some font shapes were not available, defaults substituted.

 ) 
Here is how much of TeX's memory you used:
 4412 strings out of 494222
 57710 string characters out of 6160606
 134556 words of memory out of 5000000
 7578 multiletter control sequences out of 15000+600000
 38412 words of font info for 87 fonts, out of 8000000 for 9000
 430 hyphenation exceptions out of 8191
 38i,19n,34p,1011b,341s stack positions out of 5000i,500n,10000p,200000b,80000s
{/usr/share/texlive/texmf-dist/fonts/enc/dvips/base/8r.enc}</usr/share/texliv
e/texmf-dist/fonts/type1/public/amsfonts/cm/cmex10.pfb></usr/share/texlive/texm
f-dist/fonts/type1/public/amsfonts/cm/cmmi10.pfb></usr/share/texlive/texmf-dist
/fonts/type1/public/amsfonts/cm/cmmi8.pfb></usr/share/texlive/texmf-dist/fonts/
type1/public/amsfonts/cm/cmr10.pfb></usr/share/texlive/texmf-dist/fonts/type1/p
ublic/amsfonts/cm/cmr8.pfb></usr/share/texlive/texmf-dist/fonts/type1/public/am
sfonts/cm/cmsy10.pfb></usr/share/texlive/texmf-dist/fonts/type1/public/amsfonts
/cm/cmsy6.pfb></usr/share/texlive/texmf-dist/fonts/type1/public/amsfonts/cm/cms
y7.pfb></usr/share/texlive/texmf-dist/fonts/type1/public/amsfonts/cm/cmsy8.pfb>
</usr/share/texlive/texmf-dist/fonts/type1/public/amsfonts/latxfont/lcircle1.pf
b></usr/share/texlive/texmf-dist/fonts/type1/urw/courier/ucrr8a.pfb></usr/share
/texlive/texmf-dist/fonts/type1/urw/helvetic/uhvb8a.pfb></usr/share/texlive/tex
mf-dist/fonts/type1/urw/helvetic/uhvbo8a.pfb></usr/share/texlive/texmf-dist/fon
ts/type1/urw/helvetic/uhvr8a.pfb></usr/share/texlive/texmf-dist/fonts/type1/urw
/times/utmb8a.pfb></usr/share/texlive/texmf-dist/fonts/type1/urw/times/utmbi8a.
pfb></usr/share/texlive/texmf-dist/fonts/type1/urw/times/utmr8a.pfb></usr/share
/texlive/texmf-dist/fonts/type1/urw/times/utmri8a.pfb>
Output written on manuscript_nar_changes.pdf (9 pages, 445330 bytes).
PDF statistics:
 181 PDF objects out of 1000 (max. 8388607)
 122 compressed objects within 2 object streams
 0 named destinations out of 1000 (max. 500000)
 31 words of extra memory for PDF output out of 10000 (max. 10000000)

